Using pre-set license
Built from '2021.3/staging' branch; Version is '2021.3.3f1 (af2e63e8f9bd) revision 11480675'; Using compiler version '192829333'; Build Type 'Release'
OS: 'Windows 10  (10.0.19044) 64bit Professional' Language: 'en' Physical Memory: 32674 MB
BatchMode: 1, IsHumanControllingUs: 0, StartBugReporterOnCrash: 0, Is64bit: 1, IsPro: 1

COMMAND LINE ARGUMENTS:
F:\Engines\Unity\2021.3.3f1\Editor\Unity.exe
-adb2
-batchMode
-noUpm
-name
AssetImportWorker1
-projectPath
C:/Users/jonfi/Space
-logFile
Logs/AssetImportWorker1.log
-srvPort
51129
Successfully changed project path to: C:/Users/jonfi/Space
C:/Users/jonfi/Space
[UnityMemory] Configuration Parameters - Can be set up in boot.config
    "memorysetup-bucket-allocator-granularity=16"
    "memorysetup-bucket-allocator-bucket-count=8"
    "memorysetup-bucket-allocator-block-size=33554432"
    "memorysetup-bucket-allocator-block-count=8"
    "memorysetup-main-allocator-block-size=16777216"
    "memorysetup-thread-allocator-block-size=16777216"
    "memorysetup-gfx-main-allocator-block-size=16777216"
    "memorysetup-gfx-thread-allocator-block-size=16777216"
    "memorysetup-cache-allocator-block-size=4194304"
    "memorysetup-typetree-allocator-block-size=2097152"
    "memorysetup-profiler-bucket-allocator-granularity=16"
    "memorysetup-profiler-bucket-allocator-bucket-count=8"
    "memorysetup-profiler-bucket-allocator-block-size=33554432"
    "memorysetup-profiler-bucket-allocator-block-count=8"
    "memorysetup-profiler-allocator-block-size=16777216"
    "memorysetup-profiler-editor-allocator-block-size=1048576"
    "memorysetup-temp-allocator-size-main=16777216"
    "memorysetup-job-temp-allocator-block-size=2097152"
    "memorysetup-job-temp-allocator-block-size-background=1048576"
    "memorysetup-job-temp-allocator-reduction-small-platforms=262144"
    "memorysetup-temp-allocator-size-background-worker=32768"
    "memorysetup-temp-allocator-size-job-worker=262144"
    "memorysetup-temp-allocator-size-preload-manager=33554432"
    "memorysetup-temp-allocator-size-nav-mesh-worker=65536"
    "memorysetup-temp-allocator-size-audio-worker=65536"
    "memorysetup-temp-allocator-size-cloud-worker=32768"
    "memorysetup-temp-allocator-size-gi-baking-worker=262144"
    "memorysetup-temp-allocator-size-gfx=262144"
Refreshing native plugins compatible for Editor in 254.26 ms, found 4 plugins.
Preloading 0 native plugins for Editor in 0.00 ms.
Initialize engine version: 2021.3.3f1 (af2e63e8f9bd)
[Subsystems] Discovering subsystems at path F:/Engines/Unity/2021.3.3f1/Editor/Data/Resources/UnitySubsystems
[Subsystems] Discovering subsystems at path C:/Users/jonfi/Space/Assets
GfxDevice: creating device client; threaded=0; jobified=0
Direct3D:
    Version:  Direct3D 11.0 [level 11.1]
    Renderer: NVIDIA GeForce GTX 1080 (ID=0x1b80)
    Vendor:   NVIDIA
    VRAM:     8079 MB
    Driver:   30.0.15.1277
Initialize mono
Mono path[0] = 'F:/Engines/Unity/2021.3.3f1/Editor/Data/Managed'
Mono path[1] = 'F:/Engines/Unity/2021.3.3f1/Editor/Data/MonoBleedingEdge/lib/mono/unityjit-win32'
Mono config path = 'F:/Engines/Unity/2021.3.3f1/Editor/Data/MonoBleedingEdge/etc'
Using monoOptions --debugger-agent=transport=dt_socket,embedding=1,server=y,suspend=n,address=127.0.0.1:56452
Begin MonoManager ReloadAssembly
Registering precompiled unity dll's ...
Register platform support module: F:/Engines/Unity/2021.3.3f1/Editor/Data/PlaybackEngines/WebGLSupport/UnityEditor.WebGL.Extensions.dll
Register platform support module: F:/Engines/Unity/2021.3.3f1/Editor/Data/PlaybackEngines/WindowsStandaloneSupport/UnityEditor.WindowsStandalone.Extensions.dll
Registered in 0.011700 seconds.
Native extension for WindowsStandalone target not found
Native extension for WebGL target not found
Refreshing native plugins compatible for Editor in 266.53 ms, found 4 plugins.
Preloading 0 native plugins for Editor in 0.00 ms.
Mono: successfully reloaded assembly
- Completed reload, in  1.811 seconds
Domain Reload Profiling:
	ReloadAssembly (1813ms)
		BeginReloadAssembly (169ms)
			ExecutionOrderSort (0ms)
			DisableScriptedObjects (0ms)
			BackupInstance (0ms)
			ReleaseScriptingObjects (0ms)
			CreateAndSetChildDomain (1ms)
		EndReloadAssembly (1332ms)
			LoadAssemblies (167ms)
			RebuildTransferFunctionScriptingTraits (0ms)
			SetupTypeCache (340ms)
			ReleaseScriptCaches (0ms)
			RebuildScriptCaches (88ms)
			SetupLoadedEditorAssemblies (768ms)
				LogAssemblyErrors (0ms)
				InitializePlatformSupportModulesInManaged (11ms)
				SetLoadedEditorAssemblies (0ms)
				RefreshPlugins (267ms)
				BeforeProcessingInitializeOnLoad (5ms)
				ProcessInitializeOnLoadAttributes (406ms)
				ProcessInitializeOnLoadMethodAttributes (79ms)
				AfterProcessingInitializeOnLoad (0ms)
				EditorAssembliesLoaded (0ms)
			ExecutionOrderSort2 (0ms)
			AwakeInstancesAfterBackupRestoration (0ms)
Platform modules already initialized, skipping
Registering precompiled user dll's ...
Registered in 0.015008 seconds.
Begin MonoManager ReloadAssembly
Symbol file LoadedFromMemory doesn't match image C:\Users\jonfi\Space\Library\PackageCache\com.unity.visualscripting@1.7.6\Editor\VisualScripting.Core\Dependencies\YamlDotNet\Unity.VisualScripting.YamlDotNet.dll
Symbol file LoadedFromMemory doesn't match image C:\Users\jonfi\Space\Library\PackageCache\com.unity.visualscripting@1.7.6\Editor\VisualScripting.Core\Dependencies\DotNetZip\Unity.VisualScripting.IonicZip.dll
Native extension for WindowsStandalone target not found
Native extension for WebGL target not found
Refreshing native plugins compatible for Editor in 294.44 ms, found 4 plugins.
Preloading 0 native plugins for Editor in 0.00 ms.
Mono: successfully reloaded assembly
- Completed reload, in  3.087 seconds
Domain Reload Profiling:
	ReloadAssembly (3098ms)
		BeginReloadAssembly (274ms)
			ExecutionOrderSort (0ms)
			DisableScriptedObjects (35ms)
			BackupInstance (0ms)
			ReleaseScriptingObjects (0ms)
			CreateAndSetChildDomain (82ms)
		EndReloadAssembly (2524ms)
			LoadAssemblies (179ms)
			RebuildTransferFunctionScriptingTraits (1ms)
			SetupTypeCache (630ms)
			ReleaseScriptCaches (1ms)
			RebuildScriptCaches (77ms)
			SetupLoadedEditorAssemblies (1438ms)
				LogAssemblyErrors (0ms)
				InitializePlatformSupportModulesInManaged (9ms)
				SetLoadedEditorAssemblies (1ms)
				RefreshPlugins (295ms)
				BeforeProcessingInitializeOnLoad (238ms)
				ProcessInitializeOnLoadAttributes (796ms)
				ProcessInitializeOnLoadMethodAttributes (92ms)
				AfterProcessingInitializeOnLoad (6ms)
				EditorAssembliesLoaded (1ms)
			ExecutionOrderSort2 (0ms)
			AwakeInstancesAfterBackupRestoration (15ms)
Platform modules already initialized, skipping
========================================================================
Worker process is ready to serve import requests
Launched and connected shader compiler UnityShaderCompiler.exe after 0.28 seconds
Refreshing native plugins compatible for Editor in 2.05 ms, found 4 plugins.
Preloading 0 native plugins for Editor in 0.00 ms.
Unloading 4048 Unused Serialized files (Serialized files now loaded: 0)
Unloading 43 unused Assets / (225.3 KB). Loaded Objects now: 4498.
Memory consumption went from 150.7 MB to 150.5 MB.
Total: 5.816300 ms (FindLiveObjects: 1.009800 ms CreateObjectMapping: 0.219300 ms MarkObjects: 4.366300 ms  DeleteObjects: 0.218900 ms)

AssetImportParameters requested are different than current active one (requested -> active):
  custom:video-decoder-ogg-theora: a1e56fd34408186e4bbccfd4996cb3dc -> 
  custom:container-muxer-webm: aa71ff27fc2769a1b78a27578f13a17b -> 
  custom:container-demuxer-webm: 4f35f7cbe854078d1ac9338744f61a02 -> 
  custom:video-encoder-webm-vp8: eb34c28f22e8b96e1ab97ce403110664 -> 
  custom:audio-encoder-webm-vorbis: bf7c407c2cedff20999df2af8eb42d56 -> 
  custom:framework-win-MediaFoundation: 216162199b28c13a410421893ffa2e32 -> 
  custom:container-demuxer-ogg: 62fdf1f143b41e24485cea50d1cbac27 -> 
  custom:video-decoder-webm-vp8: 9c59270c3fd7afecdb556c50c9e8de78 -> 
  custom:audio-decoder-ogg-vorbis: bf7c407c2cedff20999df2af8eb42d56 -> 
========================================================================
Received Import Request.
  Time since last request: 140500.106327 seconds.
  path: Assets/Scenes
  artifactKey: Guid(131a6b21c8605f84396be9f6751fb6e3) Importer(815301076,1909f56bfc062723c751e8b465ee728b)
Start importing Assets/Scenes using Guid(131a6b21c8605f84396be9f6751fb6e3) Importer(815301076,1909f56bfc062723c751e8b465ee728b)  -> (artifact id: '2c23e514d24f6b65fe96946cd87fc526') in 0.018267 seconds 
========================================================================
Received Import Request.
  Time since last request: 129.423214 seconds.
  path: Assets/Assets/KennyNL/kenney_spaceshooterextension/Preview_KenneyNL.png
  artifactKey: Guid(83fb782b3e8397845aab0d1433b07ce9) Importer(815301076,1909f56bfc062723c751e8b465ee728b)
Start importing Assets/Assets/KennyNL/kenney_spaceshooterextension/Preview_KenneyNL.png using Guid(83fb782b3e8397845aab0d1433b07ce9) Importer(815301076,1909f56bfc062723c751e8b465ee728b)  -> (artifact id: '8a4e1fb70e8b058fd2b20f9004e4d6c6') in 0.303446 seconds 
========================================================================
Received Import Request.
  Time since last request: 0.000041 seconds.
  path: Assets/Assets/KennyNL/kenney_spaceshooterextension/Sample.png
  artifactKey: Guid(3d3f8494ee83ac34d87c73f8aafefe61) Importer(815301076,1909f56bfc062723c751e8b465ee728b)
Start importing Assets/Assets/KennyNL/kenney_spaceshooterextension/Sample.png using Guid(3d3f8494ee83ac34d87c73f8aafefe61) Importer(815301076,1909f56bfc062723c751e8b465ee728b)  -> (artifact id: 'd506418c3e2830aa79615bf77c98d282') in 0.124799 seconds 
========================================================================
Received Import Request.
  Time since last request: 8.164548 seconds.
  path: Assets/Assets/KennyNL/spaceshooter/sample.png
  artifactKey: Guid(7f8e61bcda925fa4fbce5d40a8c238ce) Importer(815301076,1909f56bfc062723c751e8b465ee728b)
Start importing Assets/Assets/KennyNL/spaceshooter/sample.png using Guid(7f8e61bcda925fa4fbce5d40a8c238ce) Importer(815301076,1909f56bfc062723c751e8b465ee728b)  -> (artifact id: '6ab90f7698d9eda457da4237150b2b0b') in 0.077504 seconds 
========================================================================
Received Import Request.
  Time since last request: 5.615454 seconds.
  path: Assets/Assets/KennyNL/spaceshooter/Backgrounds/blue.png
  artifactKey: Guid(0dbac7f49a5b64446bd26fc15393c659) Importer(815301076,1909f56bfc062723c751e8b465ee728b)
Start importing Assets/Assets/KennyNL/spaceshooter/Backgrounds/blue.png using Guid(0dbac7f49a5b64446bd26fc15393c659) Importer(815301076,1909f56bfc062723c751e8b465ee728b)  -> (artifact id: '2217fa20a5bc0d48f5b52b31c5370928') in 0.039134 seconds 
========================================================================
Received Import Request.
  Time since last request: 0.000044 seconds.
  path: Assets/Assets/KennyNL/spaceshooter/Backgrounds/purple.png
  artifactKey: Guid(962c9050d6a838149a79e9ac3fe8749f) Importer(815301076,1909f56bfc062723c751e8b465ee728b)
Start importing Assets/Assets/KennyNL/spaceshooter/Backgrounds/purple.png using Guid(962c9050d6a838149a79e9ac3fe8749f) Importer(815301076,1909f56bfc062723c751e8b465ee728b)  -> (artifact id: 'c43f4a45a1c6ef64ffe85800e4826c77') in 0.030950 seconds 
========================================================================
Received Import Request.
  Time since last request: 62.530083 seconds.
  path: Assets/Assets/KennyNL/spaceshooter/PNG/playerShip1_green.png
  artifactKey: Guid(7ba7922bee6154b4681e30f6ee5b008b) Importer(815301076,1909f56bfc062723c751e8b465ee728b)
Start importing Assets/Assets/KennyNL/spaceshooter/PNG/playerShip1_green.png using Guid(7ba7922bee6154b4681e30f6ee5b008b) Importer(815301076,1909f56bfc062723c751e8b465ee728b)  -> (artifact id: '9331a3b1a63777a6040b6b32471103d4') in 0.045720 seconds 
========================================================================
Received Import Request.
  Time since last request: 0.000204 seconds.
  path: Assets/Assets/KennyNL/spaceshooter/PNG/playerShip1_red.png
  artifactKey: Guid(e0a87da746a103b4e82f874cf01a1b18) Importer(815301076,1909f56bfc062723c751e8b465ee728b)
Start importing Assets/Assets/KennyNL/spaceshooter/PNG/playerShip1_red.png using Guid(e0a87da746a103b4e82f874cf01a1b18) Importer(815301076,1909f56bfc062723c751e8b465ee728b)  -> (artifact id: 'f196703bccda6169e395a1b812c3b4de') in 0.037634 seconds 
========================================================================
Received Import Request.
  Time since last request: 0.000035 seconds.
  path: Assets/Assets/KennyNL/spaceshooter/PNG/playerShip2_green.png
  artifactKey: Guid(277639a049391c243a16ed06bda379f4) Importer(815301076,1909f56bfc062723c751e8b465ee728b)
Start importing Assets/Assets/KennyNL/spaceshooter/PNG/playerShip2_green.png using Guid(277639a049391c243a16ed06bda379f4) Importer(815301076,1909f56bfc062723c751e8b465ee728b)  -> (artifact id: 'a305f32f25356abcddcb237734c8e0e2') in 0.053176 seconds 
========================================================================
Received Import Request.
  Time since last request: 0.000053 seconds.
  path: Assets/Assets/KennyNL/spaceshooter/PNG/playerShip3_red.png
  artifactKey: Guid(ed898645cb66dbb4eb208cf252ea6e62) Importer(815301076,1909f56bfc062723c751e8b465ee728b)
Start importing Assets/Assets/KennyNL/spaceshooter/PNG/playerShip3_red.png using Guid(ed898645cb66dbb4eb208cf252ea6e62) Importer(815301076,1909f56bfc062723c751e8b465ee728b)  -> (artifact id: '7f6bb51104143828f8dca1f40184b83a') in 0.039145 seconds 
========================================================================
Received Import Request.
  Time since last request: 0.000034 seconds.
  path: Assets/Assets/KennyNL/spaceshooter/PNG/playerShip2_orange.png
  artifactKey: Guid(e94eb6d5c21faf34abdc530b1841611e) Importer(815301076,1909f56bfc062723c751e8b465ee728b)
Start importing Assets/Assets/KennyNL/spaceshooter/PNG/playerShip2_orange.png using Guid(e94eb6d5c21faf34abdc530b1841611e) Importer(815301076,1909f56bfc062723c751e8b465ee728b)  -> (artifact id: 'a6803f9435b2fa6de701685a654c899c') in 0.033154 seconds 
========================================================================
Received Import Request.
  Time since last request: 0.000037 seconds.
  path: Assets/Assets/KennyNL/spaceshooter/PNG/ufoBlue.png
  artifactKey: Guid(6ed3c558f910096458dcd0667cb89fc1) Importer(815301076,1909f56bfc062723c751e8b465ee728b)
Start importing Assets/Assets/KennyNL/spaceshooter/PNG/ufoBlue.png using Guid(6ed3c558f910096458dcd0667cb89fc1) Importer(815301076,1909f56bfc062723c751e8b465ee728b)  -> (artifact id: '407ab51c9545cb7e3087b36147a6ce27') in 0.051520 seconds 
========================================================================
Received Import Request.
  Time since last request: 0.000138 seconds.
  path: Assets/Assets/KennyNL/spaceshooter/PNG/playerShip3_green.png
  artifactKey: Guid(75824db8d811f604b8f2c1632b5b5054) Importer(815301076,1909f56bfc062723c751e8b465ee728b)
Start importing Assets/Assets/KennyNL/spaceshooter/PNG/playerShip3_green.png using Guid(75824db8d811f604b8f2c1632b5b5054) Importer(815301076,1909f56bfc062723c751e8b465ee728b)  -> (artifact id: 'd9af39b454305b3fa2211f0bea634a17') in 0.048304 seconds 
========================================================================
Received Import Request.
  Time since last request: 0.000043 seconds.
  path: Assets/Assets/KennyNL/spaceshooter/PNG/playerShip3_orange.png
  artifactKey: Guid(e1f97ff32804910489baf6d2a80342fa) Importer(815301076,1909f56bfc062723c751e8b465ee728b)
Start importing Assets/Assets/KennyNL/spaceshooter/PNG/playerShip3_orange.png using Guid(e1f97ff32804910489baf6d2a80342fa) Importer(815301076,1909f56bfc062723c751e8b465ee728b)  -> (artifact id: 'b1cac95fbd2cc442a454cca1e670f1e4') in 0.080897 seconds 
Editor requested this worker to shutdown with reason: Scaling down because of idle timeout
AssetImportWorker is now disconnected from the server
Process exiting
Exiting without the bug reporter. Application will terminate with return code 0