Using pre-set license
Built from '2021.3/staging' branch; Version is '2021.3.3f1 (af2e63e8f9bd) revision 11480675'; Using compiler version '192829333'; Build Type 'Release'
OS: 'Windows 10  (10.0.19044) 64bit Professional' Language: 'en' Physical Memory: 32674 MB
BatchMode: 1, IsHumanControllingUs: 0, StartBugReporterOnCrash: 0, Is64bit: 1, IsPro: 1

COMMAND LINE ARGUMENTS:
F:\Engines\Unity\2021.3.3f1\Editor\Unity.exe
-adb2
-batchMode
-noUpm
-name
AssetImportWorker0
-projectPath
C:/Users/jonfi/Space
-logFile
Logs/AssetImportWorker0.log
-srvPort
51129
Successfully changed project path to: C:/Users/jonfi/Space
C:/Users/jonfi/Space
[UnityMemory] Configuration Parameters - Can be set up in boot.config
    "memorysetup-bucket-allocator-granularity=16"
    "memorysetup-bucket-allocator-bucket-count=8"
    "memorysetup-bucket-allocator-block-size=33554432"
    "memorysetup-bucket-allocator-block-count=8"
    "memorysetup-main-allocator-block-size=16777216"
    "memorysetup-thread-allocator-block-size=16777216"
    "memorysetup-gfx-main-allocator-block-size=16777216"
    "memorysetup-gfx-thread-allocator-block-size=16777216"
    "memorysetup-cache-allocator-block-size=4194304"
    "memorysetup-typetree-allocator-block-size=2097152"
    "memorysetup-profiler-bucket-allocator-granularity=16"
    "memorysetup-profiler-bucket-allocator-bucket-count=8"
    "memorysetup-profiler-bucket-allocator-block-size=33554432"
    "memorysetup-profiler-bucket-allocator-block-count=8"
    "memorysetup-profiler-allocator-block-size=16777216"
    "memorysetup-profiler-editor-allocator-block-size=1048576"
    "memorysetup-temp-allocator-size-main=16777216"
    "memorysetup-job-temp-allocator-block-size=2097152"
    "memorysetup-job-temp-allocator-block-size-background=1048576"
    "memorysetup-job-temp-allocator-reduction-small-platforms=262144"
    "memorysetup-temp-allocator-size-background-worker=32768"
    "memorysetup-temp-allocator-size-job-worker=262144"
    "memorysetup-temp-allocator-size-preload-manager=33554432"
    "memorysetup-temp-allocator-size-nav-mesh-worker=65536"
    "memorysetup-temp-allocator-size-audio-worker=65536"
    "memorysetup-temp-allocator-size-cloud-worker=32768"
    "memorysetup-temp-allocator-size-gi-baking-worker=262144"
    "memorysetup-temp-allocator-size-gfx=262144"
Refreshing native plugins compatible for Editor in 264.70 ms, found 4 plugins.
Preloading 0 native plugins for Editor in 0.00 ms.
Initialize engine version: 2021.3.3f1 (af2e63e8f9bd)
[Subsystems] Discovering subsystems at path F:/Engines/Unity/2021.3.3f1/Editor/Data/Resources/UnitySubsystems
[Subsystems] Discovering subsystems at path C:/Users/jonfi/Space/Assets
GfxDevice: creating device client; threaded=0; jobified=0
Direct3D:
    Version:  Direct3D 11.0 [level 11.1]
    Renderer: NVIDIA GeForce GTX 1080 (ID=0x1b80)
    Vendor:   NVIDIA
    VRAM:     8079 MB
    Driver:   30.0.15.1277
Initialize mono
Mono path[0] = 'F:/Engines/Unity/2021.3.3f1/Editor/Data/Managed'
Mono path[1] = 'F:/Engines/Unity/2021.3.3f1/Editor/Data/MonoBleedingEdge/lib/mono/unityjit-win32'
Mono config path = 'F:/Engines/Unity/2021.3.3f1/Editor/Data/MonoBleedingEdge/etc'
Using monoOptions --debugger-agent=transport=dt_socket,embedding=1,server=y,suspend=n,address=127.0.0.1:56800
Begin MonoManager ReloadAssembly
Registering precompiled unity dll's ...
Register platform support module: F:/Engines/Unity/2021.3.3f1/Editor/Data/PlaybackEngines/WebGLSupport/UnityEditor.WebGL.Extensions.dll
Register platform support module: F:/Engines/Unity/2021.3.3f1/Editor/Data/PlaybackEngines/WindowsStandaloneSupport/UnityEditor.WindowsStandalone.Extensions.dll
Registered in 0.004740 seconds.
Native extension for WindowsStandalone target not found
Native extension for WebGL target not found
Refreshing native plugins compatible for Editor in 274.19 ms, found 4 plugins.
Preloading 0 native plugins for Editor in 0.00 ms.
Mono: successfully reloaded assembly
- Completed reload, in  1.826 seconds
Domain Reload Profiling:
	ReloadAssembly (1826ms)
		BeginReloadAssembly (172ms)
			ExecutionOrderSort (0ms)
			DisableScriptedObjects (0ms)
			BackupInstance (0ms)
			ReleaseScriptingObjects (0ms)
			CreateAndSetChildDomain (2ms)
		EndReloadAssembly (1335ms)
			LoadAssemblies (169ms)
			RebuildTransferFunctionScriptingTraits (0ms)
			SetupTypeCache (368ms)
			ReleaseScriptCaches (0ms)
			RebuildScriptCaches (77ms)
			SetupLoadedEditorAssemblies (804ms)
				LogAssemblyErrors (0ms)
				InitializePlatformSupportModulesInManaged (12ms)
				SetLoadedEditorAssemblies (0ms)
				RefreshPlugins (274ms)
				BeforeProcessingInitializeOnLoad (2ms)
				ProcessInitializeOnLoadAttributes (438ms)
				ProcessInitializeOnLoadMethodAttributes (78ms)
				AfterProcessingInitializeOnLoad (0ms)
				EditorAssembliesLoaded (0ms)
			ExecutionOrderSort2 (0ms)
			AwakeInstancesAfterBackupRestoration (0ms)
Platform modules already initialized, skipping
Registering precompiled user dll's ...
Registered in 0.013371 seconds.
Begin MonoManager ReloadAssembly
Symbol file LoadedFromMemory doesn't match image C:\Users\jonfi\Space\Library\PackageCache\com.unity.visualscripting@1.7.6\Editor\VisualScripting.Core\Dependencies\YamlDotNet\Unity.VisualScripting.YamlDotNet.dll
Symbol file LoadedFromMemory doesn't match image C:\Users\jonfi\Space\Library\PackageCache\com.unity.visualscripting@1.7.6\Editor\VisualScripting.Core\Dependencies\DotNetZip\Unity.VisualScripting.IonicZip.dll
Native extension for WindowsStandalone target not found
Native extension for WebGL target not found
Refreshing native plugins compatible for Editor in 283.68 ms, found 4 plugins.
Preloading 0 native plugins for Editor in 0.00 ms.
Mono: successfully reloaded assembly
- Completed reload, in  3.003 seconds
Domain Reload Profiling:
	ReloadAssembly (3004ms)
		BeginReloadAssembly (264ms)
			ExecutionOrderSort (0ms)
			DisableScriptedObjects (24ms)
			BackupInstance (0ms)
			ReleaseScriptingObjects (0ms)
			CreateAndSetChildDomain (67ms)
		EndReloadAssembly (2433ms)
			LoadAssemblies (203ms)
			RebuildTransferFunctionScriptingTraits (0ms)
			SetupTypeCache (644ms)
			ReleaseScriptCaches (2ms)
			RebuildScriptCaches (75ms)
			SetupLoadedEditorAssemblies (1387ms)
				LogAssemblyErrors (0ms)
				InitializePlatformSupportModulesInManaged (8ms)
				SetLoadedEditorAssemblies (0ms)
				RefreshPlugins (284ms)
				BeforeProcessingInitializeOnLoad (226ms)
				ProcessInitializeOnLoadAttributes (759ms)
				ProcessInitializeOnLoadMethodAttributes (105ms)
				AfterProcessingInitializeOnLoad (4ms)
				EditorAssembliesLoaded (0ms)
			ExecutionOrderSort2 (0ms)
			AwakeInstancesAfterBackupRestoration (11ms)
Platform modules already initialized, skipping
========================================================================
Worker process is ready to serve import requests
Launched and connected shader compiler UnityShaderCompiler.exe after 0.24 seconds
Refreshing native plugins compatible for Editor in 6.03 ms, found 4 plugins.
Preloading 0 native plugins for Editor in 0.00 ms.
Unloading 4048 Unused Serialized files (Serialized files now loaded: 0)
Unloading 43 unused Assets / (225.3 KB). Loaded Objects now: 4498.
Memory consumption went from 150.7 MB to 150.5 MB.
Total: 7.075400 ms (FindLiveObjects: 0.650400 ms CreateObjectMapping: 0.155100 ms MarkObjects: 6.031600 ms  DeleteObjects: 0.235900 ms)

AssetImportParameters requested are different than current active one (requested -> active):
  custom:video-decoder-ogg-theora: a1e56fd34408186e4bbccfd4996cb3dc -> 
  custom:container-muxer-webm: aa71ff27fc2769a1b78a27578f13a17b -> 
  custom:container-demuxer-webm: 4f35f7cbe854078d1ac9338744f61a02 -> 
  custom:video-encoder-webm-vp8: eb34c28f22e8b96e1ab97ce403110664 -> 
  custom:audio-encoder-webm-vorbis: bf7c407c2cedff20999df2af8eb42d56 -> 
  custom:framework-win-MediaFoundation: 216162199b28c13a410421893ffa2e32 -> 
  custom:container-demuxer-ogg: 62fdf1f143b41e24485cea50d1cbac27 -> 
  custom:video-decoder-webm-vp8: 9c59270c3fd7afecdb556c50c9e8de78 -> 
  custom:audio-decoder-ogg-vorbis: bf7c407c2cedff20999df2af8eb42d56 -> 
========================================================================
Received Import Request.
  Time since last request: 140500.078645 seconds.
  path: Assets
  artifactKey: Guid(00000000000000001000000000000000) Importer(815301076,1909f56bfc062723c751e8b465ee728b)
Start importing Assets using Guid(00000000000000001000000000000000) Importer(815301076,1909f56bfc062723c751e8b465ee728b)  -> (artifact id: '79842766b460edbeab6a34051e857a80') in 0.026357 seconds 
========================================================================
Received Import Request.
  Time since last request: 0.840752 seconds.
  path: Assets/Prefabs
  artifactKey: Guid(929ab6221f6a0db4da0c02c300e850d4) Importer(815301076,1909f56bfc062723c751e8b465ee728b)
Start importing Assets/Prefabs using Guid(929ab6221f6a0db4da0c02c300e850d4) Importer(815301076,1909f56bfc062723c751e8b465ee728b)  -> (artifact id: 'decdd99abdccff4d62f00a7bdfc72f12') in 0.010481 seconds 
========================================================================
Received Import Request.
  Time since last request: 6.319165 seconds.
  path: Assets/Assets
  artifactKey: Guid(1fcb50a09a1af2844a0b850c10a9e294) Importer(815301076,1909f56bfc062723c751e8b465ee728b)
Start importing Assets/Assets using Guid(1fcb50a09a1af2844a0b850c10a9e294) Importer(815301076,1909f56bfc062723c751e8b465ee728b)  -> (artifact id: 'b35c9672fcc1ee546a3561485b0f221d') in 0.007806 seconds 
========================================================================
Received Import Request.
  Time since last request: 56.584223 seconds.
  path: Assets/Assets/KennyNL
  artifactKey: Guid(354236bde8841b64281bf0bbb381e008) Importer(815301076,1909f56bfc062723c751e8b465ee728b)
Start importing Assets/Assets/KennyNL using Guid(354236bde8841b64281bf0bbb381e008) Importer(815301076,1909f56bfc062723c751e8b465ee728b)  -> (artifact id: 'f24df53277fb7c4d1a6a1dfad8b0b460') in 0.015873 seconds 
========================================================================
Received Import Request.
  Time since last request: 65.551001 seconds.
  path: Assets/Assets/KennyNL/kenney_spaceshooterextension
  artifactKey: Guid(f301f6adb078a4640a0bbf1e156efb39) Importer(815301076,1909f56bfc062723c751e8b465ee728b)
Start importing Assets/Assets/KennyNL/kenney_spaceshooterextension using Guid(f301f6adb078a4640a0bbf1e156efb39) Importer(815301076,1909f56bfc062723c751e8b465ee728b)  -> (artifact id: '309b54e7ccee077fa0c023da66ae9b2f') in 0.018308 seconds 
========================================================================
Received Import Request.
  Time since last request: 0.024858 seconds.
  path: Assets/Assets/KennyNL/kenney_spaceshooterextension/Preview.png
  artifactKey: Guid(68ef2d5125dde0f498815cceec72716e) Importer(815301076,1909f56bfc062723c751e8b465ee728b)
Start importing Assets/Assets/KennyNL/kenney_spaceshooterextension/Preview.png using Guid(68ef2d5125dde0f498815cceec72716e) Importer(815301076,1909f56bfc062723c751e8b465ee728b)  -> (artifact id: 'b75196e4a7aa15a2b98003ea6b1d4b2a') in 0.319584 seconds 
========================================================================
Received Import Request.
  Time since last request: 3.860132 seconds.
  path: Assets/Assets/KennyNL/kenney_spaceshooterextension/License.txt
  artifactKey: Guid(48b769cd3f62a3542b504175733d9180) Importer(815301076,1909f56bfc062723c751e8b465ee728b)
Start importing Assets/Assets/KennyNL/kenney_spaceshooterextension/License.txt using Guid(48b769cd3f62a3542b504175733d9180) Importer(815301076,1909f56bfc062723c751e8b465ee728b)  -> (artifact id: 'b23e28a29deac1e098420c616dd15f3d') in 0.017778 seconds 
========================================================================
Received Import Request.
  Time since last request: 0.318508 seconds.
  path: Assets/Assets/KennyNL/kenney_spaceshooterextension/Vector
  artifactKey: Guid(9379929083b24e04a9d69d87c3e7776f) Importer(815301076,1909f56bfc062723c751e8b465ee728b)
Start importing Assets/Assets/KennyNL/kenney_spaceshooterextension/Vector using Guid(9379929083b24e04a9d69d87c3e7776f) Importer(815301076,1909f56bfc062723c751e8b465ee728b)  -> (artifact id: '438842b9dd518dc1ac5b3074a741932b') in 0.008818 seconds 
========================================================================
Received Import Request.
  Time since last request: 0.585530 seconds.
  path: Assets/Assets/KennyNL/kenney_spaceshooterextension/Spritesheet
  artifactKey: Guid(b9e41b40aabf61b48bfcd3513db18682) Importer(815301076,1909f56bfc062723c751e8b465ee728b)
Start importing Assets/Assets/KennyNL/kenney_spaceshooterextension/Spritesheet using Guid(b9e41b40aabf61b48bfcd3513db18682) Importer(815301076,1909f56bfc062723c751e8b465ee728b)  -> (artifact id: 'f1001660dd42be929050ad1fe711a5a5') in 0.029915 seconds 
========================================================================
Received Import Request.
  Time since last request: 0.276357 seconds.
  path: Assets/Assets/KennyNL/kenney_spaceshooterextension/PNG
  artifactKey: Guid(4f3f1d786d6aea04a8c080bac9ea2b03) Importer(815301076,1909f56bfc062723c751e8b465ee728b)
Start importing Assets/Assets/KennyNL/kenney_spaceshooterextension/PNG using Guid(4f3f1d786d6aea04a8c080bac9ea2b03) Importer(815301076,1909f56bfc062723c751e8b465ee728b)  -> (artifact id: '7ac7d0c653cdb1574ebf6558cc1f5ee9') in 0.014839 seconds 
========================================================================
Received Import Request.
  Time since last request: 3.014166 seconds.
  path: Assets/Assets/KennyNL/spaceshooter
  artifactKey: Guid(47912c8c7871e334cadfc7951c6fd1d7) Importer(815301076,1909f56bfc062723c751e8b465ee728b)
Start importing Assets/Assets/KennyNL/spaceshooter using Guid(47912c8c7871e334cadfc7951c6fd1d7) Importer(815301076,1909f56bfc062723c751e8b465ee728b)  -> (artifact id: '6fc1b1ac349b869bc49f1112d17c3c17') in 0.015301 seconds 
========================================================================
Received Import Request.
  Time since last request: 0.026495 seconds.
  path: Assets/Assets/KennyNL/spaceshooter/preview.png
  artifactKey: Guid(c0864386f3b62ef42848f28dc03e20c1) Importer(815301076,1909f56bfc062723c751e8b465ee728b)
Start importing Assets/Assets/KennyNL/spaceshooter/preview.png using Guid(c0864386f3b62ef42848f28dc03e20c1) Importer(815301076,1909f56bfc062723c751e8b465ee728b)  -> (artifact id: '851435127ea6ff81e30b95dd6a02a308') in 0.122180 seconds 
========================================================================
Received Import Request.
  Time since last request: 4.165122 seconds.
  path: Assets/Assets/KennyNL/spaceshooter/PNG
  artifactKey: Guid(ca4582cd7f08f1f48b30887f123b2f14) Importer(815301076,1909f56bfc062723c751e8b465ee728b)
Start importing Assets/Assets/KennyNL/spaceshooter/PNG using Guid(ca4582cd7f08f1f48b30887f123b2f14) Importer(815301076,1909f56bfc062723c751e8b465ee728b)  -> (artifact id: '608478e7a28ce9418de227f4c7e4b74a') in 0.007667 seconds 
========================================================================
Received Import Request.
  Time since last request: 1.322483 seconds.
  path: Assets/Assets/KennyNL/spaceshooter/Backgrounds
  artifactKey: Guid(0e491b95719beed429a6b62ee35ae975) Importer(815301076,1909f56bfc062723c751e8b465ee728b)
Start importing Assets/Assets/KennyNL/spaceshooter/Backgrounds using Guid(0e491b95719beed429a6b62ee35ae975) Importer(815301076,1909f56bfc062723c751e8b465ee728b)  -> (artifact id: '427f1f53186206196001988ec4972a68') in 0.010290 seconds 
========================================================================
Received Import Request.
  Time since last request: 0.045600 seconds.
  path: Assets/Assets/KennyNL/spaceshooter/Backgrounds/black.png
  artifactKey: Guid(79109d2a0f3419d49a53c44d592051f9) Importer(815301076,1909f56bfc062723c751e8b465ee728b)
Start importing Assets/Assets/KennyNL/spaceshooter/Backgrounds/black.png using Guid(79109d2a0f3419d49a53c44d592051f9) Importer(815301076,1909f56bfc062723c751e8b465ee728b)  -> (artifact id: 'f8500c475a238e043385460569d41272') in 0.037933 seconds 
========================================================================
Received Import Request.
  Time since last request: 0.000035 seconds.
  path: Assets/Assets/KennyNL/spaceshooter/Backgrounds/darkPurple.png
  artifactKey: Guid(2929de9c8eb002649b5dfeb327886672) Importer(815301076,1909f56bfc062723c751e8b465ee728b)
Start importing Assets/Assets/KennyNL/spaceshooter/Backgrounds/darkPurple.png using Guid(2929de9c8eb002649b5dfeb327886672) Importer(815301076,1909f56bfc062723c751e8b465ee728b)  -> (artifact id: '6023d9216b7f61b2cce0a0ed2cd207dc') in 0.032104 seconds 
========================================================================
Received Import Request.
  Time since last request: 18.693505 seconds.
  path: Assets/Assets/KennyNL/spaceshooter/Spritesheet
  artifactKey: Guid(8049cf1cb462b9843bd792dcab7a6998) Importer(815301076,1909f56bfc062723c751e8b465ee728b)
Start importing Assets/Assets/KennyNL/spaceshooter/Spritesheet using Guid(8049cf1cb462b9843bd792dcab7a6998) Importer(815301076,1909f56bfc062723c751e8b465ee728b)  -> (artifact id: '49294554a1c6254f59b87176a9f190aa') in 0.003264 seconds 
========================================================================
Received Import Request.
  Time since last request: 1.056264 seconds.
  path: Assets/Assets/KennyNL/spaceshooter/Spritesheet/sheet.png
  artifactKey: Guid(5abce35375548194b8e08eaf6984019c) Importer(815301076,1909f56bfc062723c751e8b465ee728b)
Start importing Assets/Assets/KennyNL/spaceshooter/Spritesheet/sheet.png using Guid(5abce35375548194b8e08eaf6984019c) Importer(815301076,1909f56bfc062723c751e8b465ee728b)  -> (artifact id: 'dec8d833950129973a8ace8905e7095e') in 0.161760 seconds 
========================================================================
Received Import Request.
  Time since last request: 18.098927 seconds.
  path: Assets/Assets/KennyNL/spaceshooter/Spritesheet/sheet.png
  artifactKey: Guid(5abce35375548194b8e08eaf6984019c) Importer(815301076,1909f56bfc062723c751e8b465ee728b)
Start importing Assets/Assets/KennyNL/spaceshooter/Spritesheet/sheet.png using Guid(5abce35375548194b8e08eaf6984019c) Importer(815301076,1909f56bfc062723c751e8b465ee728b)  -> (artifact id: '817fe3147081bafcb731c1669a15c07f') in 0.125794 seconds 
========================================================================
Received Import Request.
  Time since last request: 24.332865 seconds.
  path: Assets/Assets/KennyNL/spaceshooter/PNG/playerShip1_blue.png
  artifactKey: Guid(93503311f55c16a42a6d06afe38d79aa) Importer(815301076,1909f56bfc062723c751e8b465ee728b)
Start importing Assets/Assets/KennyNL/spaceshooter/PNG/playerShip1_blue.png using Guid(93503311f55c16a42a6d06afe38d79aa) Importer(815301076,1909f56bfc062723c751e8b465ee728b)  -> (artifact id: '7516340fd1e299ea6688ca20d01083b7') in 0.046074 seconds 
========================================================================
Received Import Request.
  Time since last request: 0.000042 seconds.
  path: Assets/Assets/KennyNL/spaceshooter/PNG/playerShip3_blue.png
  artifactKey: Guid(6dfd4227688a5db41ae6e55b5252a4af) Importer(815301076,1909f56bfc062723c751e8b465ee728b)
Start importing Assets/Assets/KennyNL/spaceshooter/PNG/playerShip3_blue.png using Guid(6dfd4227688a5db41ae6e55b5252a4af) Importer(815301076,1909f56bfc062723c751e8b465ee728b)  -> (artifact id: '9acd586a5526430d8aed48e4ab90f5e4') in 0.042296 seconds 
========================================================================
Received Import Request.
  Time since last request: 0.000343 seconds.
  path: Assets/Assets/KennyNL/spaceshooter/PNG/ufoRed.png
  artifactKey: Guid(abcf0390549b38a43926c9271aac54cd) Importer(815301076,1909f56bfc062723c751e8b465ee728b)
Start importing Assets/Assets/KennyNL/spaceshooter/PNG/ufoRed.png using Guid(abcf0390549b38a43926c9271aac54cd) Importer(815301076,1909f56bfc062723c751e8b465ee728b)  -> (artifact id: '853ae6d8866b3cdd108917017ac17ca0') in 0.046121 seconds 
========================================================================
Received Import Request.
  Time since last request: 0.000042 seconds.
  path: Assets/Assets/KennyNL/spaceshooter/PNG/ufoYellow.png
  artifactKey: Guid(54a24a160b60a51439b68a9895c13db7) Importer(815301076,1909f56bfc062723c751e8b465ee728b)
Start importing Assets/Assets/KennyNL/spaceshooter/PNG/ufoYellow.png using Guid(54a24a160b60a51439b68a9895c13db7) Importer(815301076,1909f56bfc062723c751e8b465ee728b)  -> (artifact id: 'dd65ffc52fd101aed0e8d7db3deda65a') in 0.046892 seconds 
========================================================================
Received Import Request.
  Time since last request: 0.000418 seconds.
  path: Assets/Assets/KennyNL/spaceshooter/PNG/playerShip2_red.png
  artifactKey: Guid(3ff3a631157bd8c4b8ba19d70fdad9e9) Importer(815301076,1909f56bfc062723c751e8b465ee728b)
Start importing Assets/Assets/KennyNL/spaceshooter/PNG/playerShip2_red.png using Guid(3ff3a631157bd8c4b8ba19d70fdad9e9) Importer(815301076,1909f56bfc062723c751e8b465ee728b)  -> (artifact id: 'c2641bfa4f2751bb391ea02f1d8e8e91') in 0.041407 seconds 
========================================================================
Received Import Request.
  Time since last request: 0.000034 seconds.
  path: Assets/Assets/KennyNL/spaceshooter/PNG/playerShip2_blue.png
  artifactKey: Guid(0ae58c138dfbfa546b3b47b20436f428) Importer(815301076,1909f56bfc062723c751e8b465ee728b)
Start importing Assets/Assets/KennyNL/spaceshooter/PNG/playerShip2_blue.png using Guid(0ae58c138dfbfa546b3b47b20436f428) Importer(815301076,1909f56bfc062723c751e8b465ee728b)  -> (artifact id: 'ea66c467f256b477dfc43c2e10c9870a') in 0.096586 seconds 
========================================================================
Received Import Request.
  Time since last request: 0.002047 seconds.
  path: Assets/Assets/KennyNL/spaceshooter/PNG/playerShip1_orange.png
  artifactKey: Guid(2378031419a66f54082b443ea8793782) Importer(815301076,1909f56bfc062723c751e8b465ee728b)
Start importing Assets/Assets/KennyNL/spaceshooter/PNG/playerShip1_orange.png using Guid(2378031419a66f54082b443ea8793782) Importer(815301076,1909f56bfc062723c751e8b465ee728b)  -> (artifact id: '68d9b28d1e201b9b8f8b7bf7e412e268') in 0.030785 seconds 
========================================================================
Received Import Request.
  Time since last request: 0.000090 seconds.
  path: Assets/Assets/KennyNL/spaceshooter/PNG/ufoGreen.png
  artifactKey: Guid(df7e622bcc6c1f849bb12b700b3ae191) Importer(815301076,1909f56bfc062723c751e8b465ee728b)
Start importing Assets/Assets/KennyNL/spaceshooter/PNG/ufoGreen.png using Guid(df7e622bcc6c1f849bb12b700b3ae191) Importer(815301076,1909f56bfc062723c751e8b465ee728b)  -> (artifact id: 'd004c80009a0d0ee699c22b4daf2e140') in 0.060707 seconds 
Editor requested this worker to shutdown with reason: Scaling down because of idle timeout
AssetImportWorkerClient::OnTransportError - code=2 error=End of file
AssetImportWorker is now disconnected from the server
Process exiting
Exiting without the bug reporter. Application will terminate with return code 0